Unity Editor version:    2021.3.22f1 (b6c551784ba3)
Branch:                  2021.3/staging
Build type:              Release
Batch mode:              YES
macOS version:           Version 13.4 (Build 22F66)
Darwin version:          22.5.0
Architecture:            x86_64
Running under Rosetta:   NO
Available memory:        8192 MB
Using pre-set license
Pro License: YES

COMMAND LINE ARGUMENTS:
/Applications/Unity/Hub/Editor/2021.3.22f1/Unity.app/Contents/MacOS/Unity
-adb2
-batchMode
-noUpm
-name
AssetImportWorker0
-projectPath
/Users/burkayunsal/Documents/Projects/GemCollector
-logFile
Logs/AssetImportWorker0.log
-srvPort
61877
Successfully changed project path to: /Users/burkayunsal/Documents/Projects/GemCollector
/Users/burkayunsal/Documents/Projects/GemCollector
[UnityMemory] Configuration Parameters - Can be set up in boot.config
    "memorysetup-bucket-allocator-granularity=16"
    "memorysetup-bucket-allocator-bucket-count=8"
    "memorysetup-bucket-allocator-block-size=33554432"
    "memorysetup-bucket-allocator-block-count=8"
    "memorysetup-main-allocator-block-size=16777216"
    "memorysetup-thread-allocator-block-size=16777216"
    "memorysetup-gfx-main-allocator-block-size=16777216"
    "memorysetup-gfx-thread-allocator-block-size=16777216"
    "memorysetup-cache-allocator-block-size=4194304"
    "memorysetup-typetree-allocator-block-size=2097152"
    "memorysetup-profiler-bucket-allocator-granularity=16"
    "memorysetup-profiler-bucket-allocator-bucket-count=8"
    "memorysetup-profiler-bucket-allocator-block-size=33554432"
    "memorysetup-profiler-bucket-allocator-block-count=8"
    "memorysetup-profiler-allocator-block-size=16777216"
    "memorysetup-profiler-editor-allocator-block-size=1048576"
    "memorysetup-temp-allocator-size-main=16777216"
    "memorysetup-job-temp-allocator-block-size=2097152"
    "memorysetup-job-temp-allocator-block-size-background=1048576"
    "memorysetup-job-temp-allocator-reduction-small-platforms=262144"
    "memorysetup-temp-allocator-size-background-worker=32768"
    "memorysetup-temp-allocator-size-job-worker=262144"
    "memorysetup-temp-allocator-size-preload-manager=33554432"
    "memorysetup-temp-allocator-size-nav-mesh-worker=65536"
    "memorysetup-temp-allocator-size-audio-worker=65536"
    "memorysetup-temp-allocator-size-cloud-worker=32768"
    "memorysetup-temp-allocator-size-gi-baking-worker=262144"
    "memorysetup-temp-allocator-size-gfx=262144"
Player connection [140704493684288] Host "[IP] 192.168.1.20 [Port] 0 [Flags] 2 [Guid] 1343244 [EditorId] 1343244 [Version] 1048832 [Id] OSXEditor(0,Burkays-MBP.home) [Debug] 1 [PackageName] OSXEditor [ProjectName] Editor" joined multi-casting on [225.0.0.222:54997]...

Player connection [140704493684288] Host "[IP] 192.168.1.20 [Port] 0 [Flags] 2 [Guid] 1343244 [EditorId] 1343244 [Version] 1048832 [Id] OSXEditor(0,Burkays-MBP.home) [Debug] 1 [PackageName] OSXEditor [ProjectName] Editor" joined alternative multi-casting on [225.0.0.222:34997]...

Refreshing native plugins compatible for Editor in 132.65 ms, found 3 plugins.
Preloading 0 native plugins for Editor in 0.00 ms.
Initialize engine version: 2021.3.22f1 (b6c551784ba3)
[Subsystems] Discovering subsystems at path /Applications/Unity/Hub/Editor/2021.3.22f1/Unity.app/Contents/Resources/UnitySubsystems
[Subsystems] Discovering subsystems at path /Users/burkayunsal/Documents/Projects/GemCollector/Assets
GfxDevice: creating device client; threaded=0; jobified=0
Color LCD preferred device: Intel(R) Iris(TM) Plus Graphics 655 (low power)
Metal devices available: 1
0: Intel(R) Iris(TM) Plus Graphics 655 (low power)
Using device Intel(R) Iris(TM) Plus Graphics 655 (low power)
Initializing Metal device caps: Intel(R) Iris(TM) Plus Graphics 655
Initialize mono
Mono path[0] = '/Applications/Unity/Hub/Editor/2021.3.22f1/Unity.app/Contents/Managed'
Mono path[1] = '/Applications/Unity/Hub/Editor/2021.3.22f1/Unity.app/Contents/MonoBleedingEdge/lib/mono/unityjit-macos'
Mono config path = '/Applications/Unity/Hub/Editor/2021.3.22f1/Unity.app/Contents/MonoBleedingEdge/etc'
Using monoOptions --debugger-agent=transport=dt_socket,embedding=1,server=y,suspend=n,address=127.0.0.1:56228
Begin MonoManager ReloadAssembly
Registering precompiled unity dll's ...
Register platform support module: /Applications/Unity/Hub/Editor/2021.3.22f1/PlaybackEngines/WebGLSupport/UnityEditor.WebGL.Extensions.dll
Register platform support module: /Applications/Unity/Hub/Editor/2021.3.22f1/Unity.app/Contents/PlaybackEngines/MacStandaloneSupport/UnityEditor.OSXStandalone.Extensions.dll
Registered in 0.003841 seconds.
Native extension for OSXStandalone target not found
Native extension for WebGL target not found
Refreshing native plugins compatible for Editor in 102.85 ms, found 3 plugins.
Preloading 0 native plugins for Editor in 0.00 ms.
Mono: successfully reloaded assembly
- Completed reload, in  0.944 seconds
Domain Reload Profiling:
	ReloadAssembly (945ms)
		BeginReloadAssembly (164ms)
			ExecutionOrderSort (0ms)
			DisableScriptedObjects (0ms)
			BackupInstance (0ms)
			ReleaseScriptingObjects (0ms)
			CreateAndSetChildDomain (1ms)
		EndReloadAssembly (648ms)
			LoadAssemblies (167ms)
			RebuildTransferFunctionScriptingTraits (0ms)
			SetupTypeCache (159ms)
			ReleaseScriptCaches (0ms)
			RebuildScriptCaches (41ms)
			SetupLoadedEditorAssemblies (382ms)
				LogAssemblyErrors (0ms)
				InitializePlatformSupportModulesInManaged (9ms)
				SetLoadedEditorAssemblies (0ms)
				RefreshPlugins (103ms)
				BeforeProcessingInitializeOnLoad (2ms)
				ProcessInitializeOnLoadAttributes (200ms)
				ProcessInitializeOnLoadMethodAttributes (68ms)
				AfterProcessingInitializeOnLoad (0ms)
				EditorAssembliesLoaded (0ms)
			ExecutionOrderSort2 (0ms)
			AwakeInstancesAfterBackupRestoration (0ms)
Platform modules already initialized, skipping
Registering precompiled user dll's ...
Registered in 0.004223 seconds.
Begin MonoManager ReloadAssembly
Native extension for OSXStandalone target not found
Native extension for WebGL target not found
Refreshing native plugins compatible for Editor in 122.23 ms, found 3 plugins.
Preloading 0 native plugins for Editor in 0.00 ms.
Mono: successfully reloaded assembly
- Completed reload, in  1.662 seconds
Domain Reload Profiling:
	ReloadAssembly (1663ms)
		BeginReloadAssembly (141ms)
			ExecutionOrderSort (0ms)
			DisableScriptedObjects (8ms)
			BackupInstance (0ms)
			ReleaseScriptingObjects (0ms)
			CreateAndSetChildDomain (32ms)
		EndReloadAssembly (1388ms)
			LoadAssemblies (146ms)
			RebuildTransferFunctionScriptingTraits (0ms)
			SetupTypeCache (335ms)
			ReleaseScriptCaches (1ms)
			RebuildScriptCaches (83ms)
			SetupLoadedEditorAssemblies (765ms)
				LogAssemblyErrors (0ms)
				InitializePlatformSupportModulesInManaged (5ms)
				SetLoadedEditorAssemblies (0ms)
				RefreshPlugins (122ms)
				BeforeProcessingInitializeOnLoad (103ms)
				ProcessInitializeOnLoadAttributes (414ms)
				ProcessInitializeOnLoadMethodAttributes (117ms)
				AfterProcessingInitializeOnLoad (2ms)
				EditorAssembliesLoaded (0ms)
			ExecutionOrderSort2 (0ms)
			AwakeInstancesAfterBackupRestoration (5ms)
Platform modules already initialized, skipping
========================================================================
Worker process is ready to serve import requests
Launching external process: /Applications/Unity/Hub/Editor/2021.3.22f1/Unity.app/Contents/Tools/UnityShaderCompiler
Launched and connected shader compiler UnityShaderCompiler after 0.11 seconds
Refreshing native plugins compatible for Editor in 1.39 ms, found 3 plugins.
Preloading 0 native plugins for Editor in 0.00 ms.
Unloading 3484 Unused Serialized files (Serialized files now loaded: 0)
Unloading 29 unused Assets / (349.9 KB). Loaded Objects now: 3956.
Memory consumption went from 160.4 MB to 160.1 MB.
Total: 4.852072 ms (FindLiveObjects: 0.365340 ms CreateObjectMapping: 0.200359 ms MarkObjects: 3.967883 ms  DeleteObjects: 0.317419 ms)

AssetImportParameters requested are different than current active one (requested -> active):
  custom:video-decoder-ogg-theora: a1e56fd34408186e4bbccfd4996cb3dc -> 
  custom:container-muxer-webm: aa71ff27fc2769a1b78a27578f13a17b -> 
  custom:container-demuxer-webm: 4f35f7cbe854078d1ac9338744f61a02 -> 
  custom:video-encoder-webm-vp8: eb34c28f22e8b96e1ab97ce403110664 -> 
  custom:framework-osx-AVFoundation: e770b220cccbd017edd2c1fefb359320 -> 
  custom:audio-encoder-webm-vorbis: bf7c407c2cedff20999df2af8eb42d56 -> 
  custom:container-demuxer-ogg: 62fdf1f143b41e24485cea50d1cbac27 -> 
  custom:video-decoder-webm-vp8: 9c59270c3fd7afecdb556c50c9e8de78 -> 
  custom:audio-decoder-ogg-vorbis: bf7c407c2cedff20999df2af8eb42d56 -> 
========================================================================
Received Import Request.
  Time since last request: 633112.472050 seconds.
  path: Assets/_Game/Art
  artifactKey: Guid(f1f49e229e364497394e6c9a23e7a72f) Importer(815301076,1909f56bfc062723c751e8b465ee728b)
Start importing Assets/_Game/Art using Guid(f1f49e229e364497394e6c9a23e7a72f) Importer(815301076,1909f56bfc062723c751e8b465ee728b)  -> (artifact id: '528ca0fd935a0389d9a2d1bce6e26306') in 0.012466 seconds 
========================================================================
Received Import Request.
  Time since last request: 7.713837 seconds.
  path: Assets/_Game/Dev
  artifactKey: Guid(321b8b58effb54ef7aa8b4ba817850fb) Importer(815301076,1909f56bfc062723c751e8b465ee728b)
Start importing Assets/_Game/Dev using Guid(321b8b58effb54ef7aa8b4ba817850fb) Importer(815301076,1909f56bfc062723c751e8b465ee728b)  -> (artifact id: 'e3512d2a051fc6abe2672387c5c5209c') in 0.003669 seconds 
========================================================================
Received Prepare
Registering precompiled user dll's ...
Registered in 0.002964 seconds.
Begin MonoManager ReloadAssembly
Native extension for OSXStandalone target not found
Native extension for WebGL target not found
Refreshing native plugins compatible for Editor in 1.42 ms, found 3 plugins.
Preloading 0 native plugins for Editor in 0.00 ms.
Mono: successfully reloaded assembly
- Completed reload, in  1.628 seconds
Domain Reload Profiling:
	ReloadAssembly (1629ms)
		BeginReloadAssembly (354ms)
			ExecutionOrderSort (0ms)
			DisableScriptedObjects (25ms)
			BackupInstance (0ms)
			ReleaseScriptingObjects (0ms)
			CreateAndSetChildDomain (161ms)
		EndReloadAssembly (1151ms)
			LoadAssemblies (123ms)
			RebuildTransferFunctionScriptingTraits (0ms)
			SetupTypeCache (345ms)
			ReleaseScriptCaches (1ms)
			RebuildScriptCaches (66ms)
			SetupLoadedEditorAssemblies (586ms)
				LogAssemblyErrors (0ms)
				InitializePlatformSupportModulesInManaged (6ms)
				SetLoadedEditorAssemblies (1ms)
				RefreshPlugins (1ms)
				BeforeProcessingInitializeOnLoad (71ms)
				ProcessInitializeOnLoadAttributes (401ms)
				ProcessInitializeOnLoadMethodAttributes (104ms)
				AfterProcessingInitializeOnLoad (2ms)
				EditorAssembliesLoaded (0ms)
			ExecutionOrderSort2 (0ms)
			AwakeInstancesAfterBackupRestoration (14ms)
Platform modules already initialized, skipping
Refreshing native plugins compatible for Editor in 2.83 ms, found 3 plugins.
Preloading 0 native plugins for Editor in 0.00 ms.
Unloading 3338 Unused Serialized files (Serialized files now loaded: 0)
Unloading 22 unused Assets / (329.6 KB). Loaded Objects now: 3959.
Memory consumption went from 155.6 MB to 155.3 MB.
Total: 5.606129 ms (FindLiveObjects: 0.473599 ms CreateObjectMapping: 0.312624 ms MarkObjects: 4.608043 ms  DeleteObjects: 0.209799 ms)

AssetImportParameters requested are different than current active one (requested -> active):
  custom:video-decoder-ogg-theora: a1e56fd34408186e4bbccfd4996cb3dc -> 
  custom:container-muxer-webm: aa71ff27fc2769a1b78a27578f13a17b -> 
  custom:container-demuxer-webm: 4f35f7cbe854078d1ac9338744f61a02 -> 
  custom:video-encoder-webm-vp8: eb34c28f22e8b96e1ab97ce403110664 -> 
  custom:framework-osx-AVFoundation: e770b220cccbd017edd2c1fefb359320 -> 
  custom:audio-encoder-webm-vorbis: bf7c407c2cedff20999df2af8eb42d56 -> 
  custom:container-demuxer-ogg: 62fdf1f143b41e24485cea50d1cbac27 -> 
  custom:video-decoder-webm-vp8: 9c59270c3fd7afecdb556c50c9e8de78 -> 
  custom:audio-decoder-ogg-vorbis: bf7c407c2cedff20999df2af8eb42d56 -> 
========================================================================
Received Import Request.
  Time since last request: 37.822776 seconds.
  path: Assets/_Game/Dev/Prefabs/Level/Level_007.prefab
  artifactKey: Guid(78af46502dc4f42feac673a4723ed5c8) Importer(815301076,1909f56bfc062723c751e8b465ee728b)
Start importing Assets/_Game/Dev/Prefabs/Level/Level_007.prefab using Guid(78af46502dc4f42feac673a4723ed5c8) Importer(815301076,1909f56bfc062723c751e8b465ee728b)  -> (artifact id: 'd60128fdf3defe419e2569c3da3e869d') in 0.862106 seconds 
========================================================================
Received Import Request.
  Time since last request: 1.695273 seconds.
  path: Assets/_Game/Dev/Prefabs/Level/Level_006.prefab
  artifactKey: Guid(0531d70dde30b48c998af4651646bd1f) Importer(815301076,1909f56bfc062723c751e8b465ee728b)
Start importing Assets/_Game/Dev/Prefabs/Level/Level_006.prefab using Guid(0531d70dde30b48c998af4651646bd1f) Importer(815301076,1909f56bfc062723c751e8b465ee728b)  -> (artifact id: '98976a276eccdb676dc4bfb9ebf69f63') in 0.107267 seconds 
========================================================================
Received Import Request.
  Time since last request: 0.877376 seconds.
  path: Assets/_Game/Dev/Prefabs/Level/Level_001.prefab
  artifactKey: Guid(b6e3d5c6c3bbe40d4a1fb7458f9fbdca) Importer(815301076,1909f56bfc062723c751e8b465ee728b)
Start importing Assets/_Game/Dev/Prefabs/Level/Level_001.prefab using Guid(b6e3d5c6c3bbe40d4a1fb7458f9fbdca) Importer(815301076,1909f56bfc062723c751e8b465ee728b)  -> (artifact id: '61f1b7dd02b6ca5d41ceb6217041d48e') in 0.072407 seconds 
========================================================================
Received Import Request.
  Time since last request: 3.336615 seconds.
  path: Assets/_Game/Dev/Prefabs/Level/Level_003.prefab
  artifactKey: Guid(ee3acd12a0d1142deb8f4410a6d52d29) Importer(815301076,1909f56bfc062723c751e8b465ee728b)
Start importing Assets/_Game/Dev/Prefabs/Level/Level_003.prefab using Guid(ee3acd12a0d1142deb8f4410a6d52d29) Importer(815301076,1909f56bfc062723c751e8b465ee728b)  -> (artifact id: '0807ed1234f828b1c8849e1aea998f91') in 0.127356 seconds 
========================================================================
Received Import Request.
  Time since last request: 1.129293 seconds.
  path: Assets/_Game/Dev/Prefabs/Level/Level_004.prefab
  artifactKey: Guid(3e1cab60b5f2f4a2fb6d5f15c2154ac4) Importer(815301076,1909f56bfc062723c751e8b465ee728b)
Start importing Assets/_Game/Dev/Prefabs/Level/Level_004.prefab using Guid(3e1cab60b5f2f4a2fb6d5f15c2154ac4) Importer(815301076,1909f56bfc062723c751e8b465ee728b)  -> (artifact id: 'fe88d5a5cf0ef9898f1d7b1f95a08aae') in 0.108951 seconds 
========================================================================
Received Import Request.
  Time since last request: 2.753544 seconds.
  path: Assets/_Game/Dev/Prefabs/Level/Level_005.prefab
  artifactKey: Guid(fb6634a8d7f5f4544b7d5c0a2d4c07b1) Importer(815301076,1909f56bfc062723c751e8b465ee728b)
Start importing Assets/_Game/Dev/Prefabs/Level/Level_005.prefab using Guid(fb6634a8d7f5f4544b7d5c0a2d4c07b1) Importer(815301076,1909f56bfc062723c751e8b465ee728b)  -> (artifact id: '40a27b64a4f99c5dd27b3f2b77d0bdee') in 0.116781 seconds 
========================================================================
Received Import Request.
  Time since last request: 1.789954 seconds.
  path: Assets/_Game/Dev/Prefabs/Level/Level_002.prefab
  artifactKey: Guid(7aa50e63deb914a439d7bfe386e5f88c) Importer(815301076,1909f56bfc062723c751e8b465ee728b)
Start importing Assets/_Game/Dev/Prefabs/Level/Level_002.prefab using Guid(7aa50e63deb914a439d7bfe386e5f88c) Importer(815301076,1909f56bfc062723c751e8b465ee728b)  -> (artifact id: '93c8354cf21a0b3f7629aad1b2325d87') in 0.092286 seconds 
========================================================================
Received Import Request.
  Time since last request: 3.752570 seconds.
  path: Assets/_Game/Dev/Prefabs/Level/Level_000.prefab
  artifactKey: Guid(59dd42d2c235d4dcf950bda03d6b3102) Importer(815301076,1909f56bfc062723c751e8b465ee728b)
Start importing Assets/_Game/Dev/Prefabs/Level/Level_000.prefab using Guid(59dd42d2c235d4dcf950bda03d6b3102) Importer(815301076,1909f56bfc062723c751e8b465ee728b)  -> (artifact id: 'a3938b050daedc95f1ca036804f6f6d0') in 0.201592 seconds 
