
=== Fri Sep 30 10:55:35 2022

Packages were changed.
Update Mode: updateDependencies

The following packages were updated:
  com.unity.collab-proxy from version 1.3.8 to 1.17.0
  com.unity.ide.rider from version 1.2.1 to 2.0.7
  com.unity.ide.visualstudio from version 2.0.9 to 2.0.16
  com.unity.ide.vscode from version 1.2.3 to 1.2.5
  com.unity.render-pipelines.universal from version 8.2.0 to 10.9.0
  com.unity.test-framework from version 1.1.16 to 1.1.31
  com.unity.textmeshpro from version 3.0.1 to 3.0.6
  com.unity.timeline from version 1.3.4 to 1.4.8

=== Tue Mar 14 13:09:54 2023

Packages were changed.
Update Mode: updateDependencies

The following packages were updated:
  com.unity.collab-proxy from version 1.17.0 to 1.17.2
  com.unity.ide.rider from version 2.0.7 to 3.0.15
  com.unity.render-pipelines.universal from version 10.9.0 to 10.10.0
  com.unity.test-framework from version 1.1.31 to 1.1.33

=== Fri May 19 15:36:34 2023

Packages were changed.
Update Mode: updateDependencies

The following packages were updated:
  com.unity.collab-proxy from version 1.17.2 to 2.0.1
  com.unity.ide.rider from version 3.0.15 to 3.0.18
  com.unity.ide.visualstudio from version 2.0.16 to 2.0.17
  com.unity.recorder from version 2.5.7 to 3.0.3
  com.unity.render-pipelines.universal from version 10.10.0 to 12.1.10
  com.unity.timeline from version 1.4.8 to 1.6.4
